Clustering
imagenet_80_99.h5
imagenet_80_99
0.0708659211262 0.03716392540947125 0.199461538462
0.8 0.99
Epoch: 1, batch: 1/13, loss: 0.832434, loss1: 0.619579, loss2: 0.212855, nb1: 0.598568
Epoch: 1, batch: 11/13, loss: 0.362784, loss1: 0.286695, loss2: 0.076089, nb1: 0.259782
0.244110737803 0.18548694247520406 0.369692307692
0.7962 0.9862
Epoch: 2, batch: 1/13, loss: 0.405205, loss1: 0.317593, loss2: 0.087611, nb1: 0.258514
Epoch: 2, batch: 11/13, loss: 0.339073, loss1: 0.271427, loss2: 0.067646, nb1: 0.251087
0.297052202799 0.23091774393835612 0.414153846154
0.7924 0.9823999999999999
Epoch: 3, batch: 1/13, loss: 0.327421, loss1: 0.252551, loss2: 0.074870, nb1: 0.244661
Epoch: 3, batch: 11/13, loss: 0.292975, loss1: 0.236054, loss2: 0.056921, nb1: 0.247860
0.31328056127 0.23205997536761816 0.412461538462
0.7886 0.9785999999999999
Epoch: 4, batch: 1/13, loss: 0.273870, loss1: 0.218059, loss2: 0.055812, nb1: 0.242896
Epoch: 4, batch: 11/13, loss: 0.282667, loss1: 0.233994, loss2: 0.048673, nb1: 0.231338
0.360962663375 0.2727256034317253 0.432846153846
0.7847999999999999 0.9747999999999999
Epoch: 5, batch: 1/13, loss: 0.206705, loss1: 0.168106, loss2: 0.038600, nb1: 0.226924
Epoch: 5, batch: 11/13, loss: 0.292342, loss1: 0.222379, loss2: 0.069963, nb1: 0.208680
0.382149954445 0.30095635089814865 0.442615384615
0.7809999999999999 0.9709999999999999
Epoch: 6, batch: 1/13, loss: 0.216501, loss1: 0.167760, loss2: 0.048740, nb1: 0.213607
Epoch: 6, batch: 11/13, loss: 0.196544, loss1: 0.145102, loss2: 0.051441, nb1: 0.206474
0.428462048425 0.343125734197213 0.484076923077
0.7771999999999999 0.9671999999999998
Epoch: 7, batch: 1/13, loss: 0.217461, loss1: 0.168067, loss2: 0.049394, nb1: 0.206066
Epoch: 7, batch: 11/13, loss: 0.202281, loss1: 0.161990, loss2: 0.040290, nb1: 0.214793
0.448692289674 0.3621333856850163 0.524538461538
0.7733999999999999 0.9633999999999998
Epoch: 8, batch: 1/13, loss: 0.247247, loss1: 0.195256, loss2: 0.051991, nb1: 0.199622
Epoch: 8, batch: 11/13, loss: 0.175906, loss1: 0.129957, loss2: 0.045949, nb1: 0.190626
0.489970441535 0.3926012289325582 0.550153846154
0.7695999999999998 0.9595999999999998
Epoch: 9, batch: 1/13, loss: 0.160564, loss1: 0.139646, loss2: 0.020918, nb1: 0.196775
Epoch: 9, batch: 11/13, loss: 0.129698, loss1: 0.102684, loss2: 0.027015, nb1: 0.185196
0.488577224651 0.4054757410514168 0.556076923077
0.7657999999999998 0.9557999999999998
Epoch: 10, batch: 1/13, loss: 0.180811, loss1: 0.148202, loss2: 0.032609, nb1: 0.184401
Epoch: 10, batch: 11/13, loss: 0.159382, loss1: 0.128796, loss2: 0.030586, nb1: 0.187403
0.510552910442 0.4244411923947417 0.560538461538
0.7619999999999998 0.9519999999999997
Epoch: 11, batch: 1/13, loss: 0.166650, loss1: 0.136040, loss2: 0.030610, nb1: 0.193082
Epoch: 11, batch: 11/13, loss: 0.190254, loss1: 0.151312, loss2: 0.038942, nb1: 0.182407
0.537024946196 0.4470915915238032 0.601076923077
0.7581999999999998 0.9481999999999997
Epoch: 12, batch: 1/13, loss: 0.154512, loss1: 0.127256, loss2: 0.027257, nb1: 0.175966
Epoch: 12, batch: 11/13, loss: 0.178338, loss1: 0.147331, loss2: 0.031008, nb1: 0.171761
0.546800627914 0.45930551331226666 0.609461538462
0.7543999999999997 0.9443999999999997
Epoch: 13, batch: 1/13, loss: 0.107386, loss1: 0.097323, loss2: 0.010063, nb1: 0.169990
Epoch: 13, batch: 11/13, loss: 0.086231, loss1: 0.075482, loss2: 0.010750, nb1: 0.169223
0.554693195299 0.4623663429554927 0.617615384615
0.7505999999999997 0.9405999999999997
Epoch: 14, batch: 1/13, loss: 0.127347, loss1: 0.106914, loss2: 0.020434, nb1: 0.170491
Epoch: 14, batch: 11/13, loss: 0.149943, loss1: 0.123943, loss2: 0.026000, nb1: 0.172716
0.561817432981 0.47401685803107435 0.624153846154
0.7467999999999997 0.9367999999999996
Epoch: 15, batch: 1/13, loss: 0.133041, loss1: 0.106060, loss2: 0.026980, nb1: 0.177892
Epoch: 15, batch: 11/13, loss: 0.126932, loss1: 0.111698, loss2: 0.015234, nb1: 0.169811
0.579247899844 0.5002377245744902 0.640846153846
0.7429999999999997 0.9329999999999996
Epoch: 16, batch: 1/13, loss: 0.117350, loss1: 0.103136, loss2: 0.014213, nb1: 0.162954
Epoch: 16, batch: 11/13, loss: 0.117368, loss1: 0.104113, loss2: 0.013255, nb1: 0.164613
0.584374504531 0.48432791479287357 0.635769230769
0.7391999999999996 0.9291999999999996
Epoch: 17, batch: 1/13, loss: 0.095411, loss1: 0.086328, loss2: 0.009084, nb1: 0.158670
Epoch: 17, batch: 11/13, loss: 0.124328, loss1: 0.101352, loss2: 0.022976, nb1: 0.159713
0.595501441163 0.5062291581397595 0.644923076923
0.7353999999999996 0.9253999999999996
Epoch: 18, batch: 1/13, loss: 0.126472, loss1: 0.106722, loss2: 0.019750, nb1: 0.159740
Epoch: 18, batch: 11/13, loss: 0.136529, loss1: 0.119123, loss2: 0.017406, nb1: 0.164250
0.581749565005 0.4949061121779295 0.638384615385
0.7315999999999996 0.9215999999999995
Epoch: 19, batch: 1/13, loss: 0.065058, loss1: 0.059078, loss2: 0.005980, nb1: 0.166510
Epoch: 19, batch: 11/13, loss: 0.205392, loss1: 0.173727, loss2: 0.031665, nb1: 0.159453
0.584396606331 0.4901325510649925 0.638153846154
0.7277999999999996 0.9177999999999995
Epoch: 20, batch: 1/13, loss: 0.156727, loss1: 0.130522, loss2: 0.026205, nb1: 0.155488
Epoch: 20, batch: 11/13, loss: 0.114836, loss1: 0.096108, loss2: 0.018728, nb1: 0.156179
0.595116879069 0.5058293125647051 0.646153846154
0.7239999999999995 0.9139999999999995
Epoch: 21, batch: 1/13, loss: 0.061003, loss1: 0.054149, loss2: 0.006854, nb1: 0.156842
Epoch: 21, batch: 11/13, loss: 0.148783, loss1: 0.124359, loss2: 0.024425, nb1: 0.159261
0.592512298515 0.5081124510654482 0.647769230769
0.7201999999999995 0.9101999999999995
Epoch: 22, batch: 1/13, loss: 0.075072, loss1: 0.066868, loss2: 0.008204, nb1: 0.154714
Epoch: 22, batch: 11/13, loss: 0.068020, loss1: 0.062781, loss2: 0.005239, nb1: 0.161742
0.602447508975 0.5131818534786848 0.651846153846
0.7163999999999995 0.9063999999999994
Epoch: 23, batch: 1/13, loss: 0.137938, loss1: 0.122712, loss2: 0.015226, nb1: 0.150512
Epoch: 23, batch: 11/13, loss: 0.109834, loss1: 0.094835, loss2: 0.014999, nb1: 0.155878
0.590828116738 0.5010005563137102 0.647076923077
0.7125999999999995 0.9025999999999994
Epoch: 24, batch: 1/13, loss: 0.093815, loss1: 0.084019, loss2: 0.009796, nb1: 0.154672
Epoch: 24, batch: 11/13, loss: 0.075324, loss1: 0.066567, loss2: 0.008758, nb1: 0.154316
0.58952584116 0.5050877189604752 0.648615384615
0.7087999999999994 0.8987999999999994
Epoch: 25, batch: 1/13, loss: 0.113917, loss1: 0.102192, loss2: 0.011725, nb1: 0.154091
Epoch: 25, batch: 11/13, loss: 0.117758, loss1: 0.093911, loss2: 0.023847, nb1: 0.155204
0.602962720543 0.5137097135080753 0.650230769231
0.7049999999999994 0.8949999999999994
Epoch: 26, batch: 1/13, loss: 0.096439, loss1: 0.074791, loss2: 0.021648, nb1: 0.149805
Epoch: 26, batch: 11/13, loss: 0.108946, loss1: 0.090115, loss2: 0.018832, nb1: 0.150409
0.592776923218 0.5055640654688126 0.628
0.7011999999999994 0.8911999999999993
Epoch: 27, batch: 1/13, loss: 0.096189, loss1: 0.079141, loss2: 0.017048, nb1: 0.152185
Epoch: 27, batch: 11/13, loss: 0.051090, loss1: 0.044501, loss2: 0.006589, nb1: 0.148843
0.594062229669 0.5046634471992443 0.645076923077
0.6973999999999994 0.8873999999999993
Epoch: 28, batch: 1/13, loss: 0.115858, loss1: 0.099382, loss2: 0.016476, nb1: 0.156868
Epoch: 28, batch: 11/13, loss: 0.076842, loss1: 0.069705, loss2: 0.007137, nb1: 0.152955
0.589864008684 0.4977765018460846 0.617307692308
0.6935999999999993 0.8835999999999993
Epoch: 29, batch: 1/13, loss: 0.085566, loss1: 0.077820, loss2: 0.007745, nb1: 0.145201
Epoch: 29, batch: 11/13, loss: 0.084476, loss1: 0.070755, loss2: 0.013720, nb1: 0.149062
0.599927739827 0.5076942121017398 0.644307692308
0.6897999999999993 0.8797999999999992
Epoch: 30, batch: 1/13, loss: 0.081592, loss1: 0.067144, loss2: 0.014448, nb1: 0.145773
Epoch: 30, batch: 11/13, loss: 0.048255, loss1: 0.041639, loss2: 0.006615, nb1: 0.144168
0.608940354485 0.5152861074168096 0.651230769231
0.6859999999999993 0.8759999999999992
Epoch: 31, batch: 1/13, loss: 0.054736, loss1: 0.048884, loss2: 0.005853, nb1: 0.144199
Epoch: 31, batch: 11/13, loss: 0.064320, loss1: 0.054179, loss2: 0.010140, nb1: 0.148119
0.606643083419 0.5163276176657119 0.654538461538
0.6821999999999993 0.8721999999999992
Epoch: 32, batch: 1/13, loss: 0.092775, loss1: 0.076927, loss2: 0.015848, nb1: 0.141264
Epoch: 32, batch: 11/13, loss: 0.057182, loss1: 0.049070, loss2: 0.008112, nb1: 0.144734
0.601082595778 0.5098760179961223 0.650769230769
0.6783999999999992 0.8683999999999992
Epoch: 33, batch: 1/13, loss: 0.073216, loss1: 0.063341, loss2: 0.009875, nb1: 0.142627
Epoch: 33, batch: 11/13, loss: 0.082007, loss1: 0.072859, loss2: 0.009148, nb1: 0.150053
0.608902079892 0.5167353705701506 0.654384615385
0.6745999999999992 0.8645999999999991
Epoch: 34, batch: 1/13, loss: 0.081555, loss1: 0.069198, loss2: 0.012357, nb1: 0.146120
Epoch: 34, batch: 11/13, loss: 0.058944, loss1: 0.053623, loss2: 0.005321, nb1: 0.143830
0.608247211686 0.5158265975468915 0.653307692308
0.6707999999999992 0.8607999999999991
Epoch: 35, batch: 1/13, loss: 0.070155, loss1: 0.061172, loss2: 0.008983, nb1: 0.146177
Epoch: 35, batch: 11/13, loss: 0.102999, loss1: 0.084739, loss2: 0.018259, nb1: 0.144628
0.607798479846 0.5166086266102488 0.653307692308
0.6669999999999991 0.8569999999999991
Epoch: 36, batch: 1/13, loss: 0.049479, loss1: 0.040210, loss2: 0.009269, nb1: 0.138830
Epoch: 36, batch: 11/13, loss: 0.099394, loss1: 0.090984, loss2: 0.008410, nb1: 0.143769
0.60691289168 0.5168068734907787 0.653538461538
0.6631999999999991 0.8531999999999991
Epoch: 37, batch: 1/13, loss: 0.086270, loss1: 0.071100, loss2: 0.015170, nb1: 0.137011
