Clustering
imagenet_90_99.h5
imagenet_90_99
0.0841538764081 0.04343358877114091 0.218923076923
0.9 0.99
Epoch: 1, batch: 1/13, loss: 0.819456, loss1: 0.604414, loss2: 0.215042, nb1: 0.598835
Epoch: 1, batch: 11/13, loss: 0.399302, loss1: 0.299256, loss2: 0.100046, nb1: 0.273596
0.231479789044 0.1705116688161493 0.367076923077
0.9009 0.9891
Epoch: 2, batch: 1/13, loss: 0.393302, loss1: 0.312469, loss2: 0.080833, nb1: 0.265169
Epoch: 2, batch: 11/13, loss: 0.325943, loss1: 0.242148, loss2: 0.083795, nb1: 0.247904
0.315883762142 0.2576667200646985 0.450461538462
0.9018 0.9882
Epoch: 3, batch: 1/13, loss: 0.271243, loss1: 0.215539, loss2: 0.055705, nb1: 0.239947
Epoch: 3, batch: 11/13, loss: 0.312057, loss1: 0.235997, loss2: 0.076060, nb1: 0.229893
0.375699869507 0.30890709483214773 0.489153846154
0.9027000000000001 0.9873
Epoch: 4, batch: 1/13, loss: 0.315823, loss1: 0.240726, loss2: 0.075097, nb1: 0.225732
Epoch: 4, batch: 11/13, loss: 0.214313, loss1: 0.164112, loss2: 0.050201, nb1: 0.209062
0.418413794163 0.3571149383354852 0.524307692308
0.9036000000000001 0.9863999999999999
Epoch: 5, batch: 1/13, loss: 0.249740, loss1: 0.184735, loss2: 0.065005, nb1: 0.211305
Epoch: 5, batch: 11/13, loss: 0.197019, loss1: 0.151035, loss2: 0.045983, nb1: 0.194661
0.435112150886 0.3681211640881677 0.533230769231
0.9045000000000001 0.9854999999999999
Epoch: 6, batch: 1/13, loss: 0.263628, loss1: 0.201687, loss2: 0.061941, nb1: 0.192561
Epoch: 6, batch: 11/13, loss: 0.256169, loss1: 0.209671, loss2: 0.046498, nb1: 0.191509
0.456684742939 0.39791324220093416 0.554384615385
0.9054000000000001 0.9845999999999999
Epoch: 7, batch: 1/13, loss: 0.250941, loss1: 0.179804, loss2: 0.071137, nb1: 0.194396
Epoch: 7, batch: 11/13, loss: 0.211938, loss1: 0.167226, loss2: 0.044712, nb1: 0.188411
0.473740342905 0.41323172663430857 0.555615384615
0.9063000000000001 0.9836999999999999
Epoch: 8, batch: 1/13, loss: 0.263794, loss1: 0.204836, loss2: 0.058958, nb1: 0.182855
Epoch: 8, batch: 11/13, loss: 0.225286, loss1: 0.162077, loss2: 0.063209, nb1: 0.191331
0.48014002668 0.40324490781173533 0.541230769231
0.9072000000000001 0.9827999999999999
Epoch: 9, batch: 1/13, loss: 0.225340, loss1: 0.165570, loss2: 0.059770, nb1: 0.179334
Epoch: 9, batch: 11/13, loss: 0.167327, loss1: 0.124323, loss2: 0.043004, nb1: 0.184529
0.484547425208 0.41371855167820937 0.557076923077
0.9081000000000001 0.9818999999999999
Epoch: 10, batch: 1/13, loss: 0.198982, loss1: 0.158476, loss2: 0.040506, nb1: 0.178051
Epoch: 10, batch: 11/13, loss: 0.193660, loss1: 0.147989, loss2: 0.045671, nb1: 0.177428
0.494673488798 0.425762061210391 0.574538461538
0.9090000000000001 0.9809999999999999
Epoch: 11, batch: 1/13, loss: 0.148332, loss1: 0.115321, loss2: 0.033011, nb1: 0.176823
Epoch: 11, batch: 11/13, loss: 0.136638, loss1: 0.110350, loss2: 0.026288, nb1: 0.182265
0.508961728214 0.4394299626086972 0.580769230769
0.9099000000000002 0.9800999999999999
Epoch: 12, batch: 1/13, loss: 0.163839, loss1: 0.131307, loss2: 0.032532, nb1: 0.172869
Epoch: 12, batch: 11/13, loss: 0.187080, loss1: 0.145622, loss2: 0.041458, nb1: 0.168488
0.515766799399 0.4516188908151072 0.591615384615
0.9108000000000002 0.9791999999999998
Epoch: 13, batch: 1/13, loss: 0.228856, loss1: 0.182927, loss2: 0.045928, nb1: 0.171097
Epoch: 13, batch: 11/13, loss: 0.151452, loss1: 0.112003, loss2: 0.039449, nb1: 0.169833
0.513546318637 0.44796890261413386 0.598230769231
0.9117000000000002 0.9782999999999998
Epoch: 14, batch: 1/13, loss: 0.124731, loss1: 0.091927, loss2: 0.032804, nb1: 0.170008
Epoch: 14, batch: 11/13, loss: 0.190522, loss1: 0.145691, loss2: 0.044831, nb1: 0.174452
0.52209789312 0.45917931446085103 0.610692307692
0.9126000000000002 0.9773999999999998
Epoch: 15, batch: 1/13, loss: 0.132773, loss1: 0.101039, loss2: 0.031734, nb1: 0.169668
Epoch: 15, batch: 11/13, loss: 0.224797, loss1: 0.159360, loss2: 0.065437, nb1: 0.170505
0.512240833332 0.44361697796595917 0.594076923077
0.9135000000000002 0.9764999999999998
Epoch: 16, batch: 1/13, loss: 0.109851, loss1: 0.088455, loss2: 0.021396, nb1: 0.166016
Epoch: 16, batch: 11/13, loss: 0.099107, loss1: 0.083019, loss2: 0.016088, nb1: 0.164534
0.525523089054 0.4578957947702867 0.601538461538
0.9144000000000002 0.9755999999999998
Epoch: 17, batch: 1/13, loss: 0.145005, loss1: 0.117897, loss2: 0.027107, nb1: 0.162614
Epoch: 17, batch: 11/13, loss: 0.166752, loss1: 0.120487, loss2: 0.046265, nb1: 0.168373
0.531469985656 0.4639193176491606 0.609923076923
0.9153000000000002 0.9746999999999998
Epoch: 18, batch: 1/13, loss: 0.119381, loss1: 0.084734, loss2: 0.034647, nb1: 0.162105
Epoch: 18, batch: 11/13, loss: 0.139780, loss1: 0.101911, loss2: 0.037869, nb1: 0.158881
0.53674251733 0.46895026768340964 0.613076923077
0.9162000000000002 0.9737999999999998
Epoch: 19, batch: 1/13, loss: 0.155987, loss1: 0.123044, loss2: 0.032943, nb1: 0.157797
Epoch: 19, batch: 11/13, loss: 0.119646, loss1: 0.091330, loss2: 0.028316, nb1: 0.160979
0.55110351836 0.4819384386371166 0.618153846154
0.9171000000000002 0.9728999999999998
Epoch: 20, batch: 1/13, loss: 0.142585, loss1: 0.114268, loss2: 0.028317, nb1: 0.159650
Epoch: 20, batch: 11/13, loss: 0.135983, loss1: 0.104242, loss2: 0.031741, nb1: 0.155146
0.537795638748 0.4684617553375668 0.614307692308
0.9180000000000003 0.9719999999999998
Epoch: 21, batch: 1/13, loss: 0.196964, loss1: 0.153231, loss2: 0.043733, nb1: 0.155242
Epoch: 21, batch: 11/13, loss: 0.196750, loss1: 0.154597, loss2: 0.042152, nb1: 0.167610
0.541560224532 0.4692631487022452 0.612
0.9189000000000003 0.9710999999999997
Epoch: 22, batch: 1/13, loss: 0.116131, loss1: 0.083417, loss2: 0.032713, nb1: 0.157684
Epoch: 22, batch: 11/13, loss: 0.118562, loss1: 0.098226, loss2: 0.020335, nb1: 0.158440
0.555524604322 0.4867206252524587 0.623538461538
0.9198000000000003 0.9701999999999997
Epoch: 23, batch: 1/13, loss: 0.134837, loss1: 0.099725, loss2: 0.035112, nb1: 0.158783
Epoch: 23, batch: 11/13, loss: 0.203919, loss1: 0.151132, loss2: 0.052787, nb1: 0.159427
0.551748784935 0.4800368170579191 0.612230769231
0.9207000000000003 0.9692999999999997
Epoch: 24, batch: 1/13, loss: 0.083295, loss1: 0.067659, loss2: 0.015636, nb1: 0.154706
Epoch: 24, batch: 11/13, loss: 0.169901, loss1: 0.139037, loss2: 0.030864, nb1: 0.159224
0.544161556123 0.4766246156844635 0.611
0.9216000000000003 0.9683999999999997
Epoch: 25, batch: 1/13, loss: 0.138189, loss1: 0.114830, loss2: 0.023359, nb1: 0.155214
Epoch: 25, batch: 11/13, loss: 0.144458, loss1: 0.110097, loss2: 0.034361, nb1: 0.155818
0.549946699839 0.481007523474792 0.615615384615
0.9225000000000003 0.9674999999999997
Epoch: 26, batch: 1/13, loss: 0.107538, loss1: 0.080875, loss2: 0.026664, nb1: 0.152969
Epoch: 26, batch: 11/13, loss: 0.099317, loss1: 0.076296, loss2: 0.023020, nb1: 0.153283
0.557530035899 0.49057359068298517 0.625461538462
0.9234000000000003 0.9665999999999997
Epoch: 27, batch: 1/13, loss: 0.102070, loss1: 0.085593, loss2: 0.016478, nb1: 0.152591
Epoch: 27, batch: 11/13, loss: 0.148428, loss1: 0.101732, loss2: 0.046697, nb1: 0.152783
0.554668333618 0.48828551558726346 0.624307692308
0.9243000000000003 0.9656999999999997
Epoch: 28, batch: 1/13, loss: 0.145129, loss1: 0.112588, loss2: 0.032541, nb1: 0.152550
Epoch: 28, batch: 11/13, loss: 0.160620, loss1: 0.127976, loss2: 0.032644, nb1: 0.150608
0.562325269074 0.4926141333258071 0.623153846154
0.9252000000000004 0.9647999999999997
Epoch: 29, batch: 1/13, loss: 0.141332, loss1: 0.106167, loss2: 0.035165, nb1: 0.148688
Epoch: 29, batch: 11/13, loss: 0.141791, loss1: 0.115014, loss2: 0.026778, nb1: 0.152472
0.56187875834 0.49056041697020075 0.625769230769
0.9261000000000004 0.9638999999999996
Epoch: 30, batch: 1/13, loss: 0.149696, loss1: 0.107731, loss2: 0.041965, nb1: 0.151858
Epoch: 30, batch: 11/13, loss: 0.083486, loss1: 0.067756, loss2: 0.015730, nb1: 0.147475
0.562723724906 0.49198376700271496 0.621538461538
0.9270000000000004 0.9629999999999996
Epoch: 31, batch: 1/13, loss: 0.066946, loss1: 0.057710, loss2: 0.009236, nb1: 0.151353
Epoch: 31, batch: 11/13, loss: 0.165981, loss1: 0.123069, loss2: 0.042912, nb1: 0.152200
0.565180606487 0.4954415024135272 0.627307692308
0.9279000000000004 0.9620999999999996
Epoch: 32, batch: 1/13, loss: 0.105681, loss1: 0.081281, loss2: 0.024400, nb1: 0.145966
Epoch: 32, batch: 11/13, loss: 0.071341, loss1: 0.055730, loss2: 0.015612, nb1: 0.147308
0.554499820552 0.48101045921155916 0.620461538462
0.9288000000000004 0.9611999999999996
Epoch: 33, batch: 1/13, loss: 0.105656, loss1: 0.085689, loss2: 0.019967, nb1: 0.147709
Epoch: 33, batch: 11/13, loss: 0.174547, loss1: 0.136449, loss2: 0.038098, nb1: 0.147373
0.569282886921 0.5003414798837392 0.631923076923
0.9297000000000004 0.9602999999999996
Epoch: 34, batch: 1/13, loss: 0.102774, loss1: 0.076830, loss2: 0.025944, nb1: 0.144401
Epoch: 34, batch: 11/13, loss: 0.097291, loss1: 0.083971, loss2: 0.013321, nb1: 0.147475
0.565087680301 0.49524703380789226 0.631538461538
0.9306000000000004 0.9593999999999996
Epoch: 35, batch: 1/13, loss: 0.136018, loss1: 0.099556, loss2: 0.036462, nb1: 0.143529
Epoch: 35, batch: 11/13, loss: 0.109208, loss1: 0.084535, loss2: 0.024673, nb1: 0.144254
0.563927248864 0.49307835194186095 0.626769230769
0.9315000000000004 0.9584999999999996
Epoch: 36, batch: 1/13, loss: 0.093774, loss1: 0.080437, loss2: 0.013337, nb1: 0.146932
Epoch: 36, batch: 11/13, loss: 0.101972, loss1: 0.080807, loss2: 0.021165, nb1: 0.143231
0.568537398231 0.496996984923506 0.630230769231
0.9324000000000005 0.9575999999999996
Epoch: 37, batch: 1/13, loss: 0.083215, loss1: 0.065668, loss2: 0.017547, nb1: 0.142374
Epoch: 37, batch: 11/13, loss: 0.064902, loss1: 0.052065, loss2: 0.012837, nb1: 0.143158
0.563388814854 0.493139967160929 0.621384615385
0.9333000000000005 0.9566999999999996
Epoch: 38, batch: 1/13, loss: 0.097911, loss1: 0.079852, loss2: 0.018059, nb1: 0.139615
Epoch: 38, batch: 11/13, loss: 0.094636, loss1: 0.074168, loss2: 0.020468, nb1: 0.141612
0.564953788819 0.49555078676714975 0.626384615385
0.9342000000000005 0.9557999999999995
Epoch: 39, batch: 1/13, loss: 0.087331, loss1: 0.063221, loss2: 0.024110, nb1: 0.134347
Epoch: 39, batch: 11/13, loss: 0.107120, loss1: 0.074858, loss2: 0.032262, nb1: 0.143645
0.562750541389 0.4920422988326591 0.627153846154
0.9351000000000005 0.9548999999999995
Epoch: 40, batch: 1/13, loss: 0.089292, loss1: 0.069141, loss2: 0.020151, nb1: 0.137847
Epoch: 40, batch: 11/13, loss: 0.065089, loss1: 0.052557, loss2: 0.012532, nb1: 0.144649
0.561692194468 0.4919713558268353 0.619
0.9360000000000005 0.9539999999999995
Epoch: 41, batch: 1/13, loss: 0.071527, loss1: 0.058111, loss2: 0.013415, nb1: 0.140419
Epoch: 41, batch: 11/13, loss: 0.071312, loss1: 0.053632, loss2: 0.017680, nb1: 0.143368
0.561606985185 0.4904268988422219 0.614
0.9369000000000005 0.9530999999999995
Epoch: 42, batch: 1/13, loss: 0.059646, loss1: 0.050944, loss2: 0.008702, nb1: 0.143776
Epoch: 42, batch: 11/13, loss: 0.083751, loss1: 0.062942, loss2: 0.020809, nb1: 0.140930
0.56103643446 0.49141302306256185 0.619461538462
0.9378000000000005 0.9521999999999995
Epoch: 43, batch: 1/13, loss: 0.095804, loss1: 0.076147, loss2: 0.019657, nb1: 0.142916
Epoch: 43, batch: 11/13, loss: 0.066601, loss1: 0.058704, loss2: 0.007897, nb1: 0.143694
0.560148467577 0.4900753764620079 0.615
0.9387000000000005 0.9512999999999995
Epoch: 44, batch: 1/13, loss: 0.089746, loss1: 0.077081, loss2: 0.012665, nb1: 0.141103
Epoch: 44, batch: 11/13, loss: 0.045551, loss1: 0.040308, loss2: 0.005243, nb1: 0.139481
0.557967986095 0.48850112752443897 0.610769230769
0.9396000000000005 0.9503999999999995
Epoch: 45, batch: 1/13, loss: 0.139829, loss1: 0.105171, loss2: 0.034657, nb1: 0.137920
Epoch: 45, batch: 11/13, loss: 0.091331, loss1: 0.071039, loss2: 0.020291, nb1: 0.142130
0.564050663578 0.49495519202279786 0.618461538462
0.9405000000000006 0.9494999999999995
Epoch: 46, batch: 1/13, loss: 0.105784, loss1: 0.087557, loss2: 0.018227, nb1: 0.136035
Epoch: 46, batch: 11/13, loss: 0.115417, loss1: 0.089673, loss2: 0.025745, nb1: 0.140058
