Clustering
imagenet_80_95.h5
imagenet_80_95
0.0613787345398 0.02872704640622769 0.177692307692
0.8 0.95
Epoch: 1, batch: 1/13, loss: 0.784342, loss1: 0.579986, loss2: 0.204356, nb1: 0.613433
Epoch: 1, batch: 11/13, loss: 0.375781, loss1: 0.282864, loss2: 0.092917, nb1: 0.287502
0.213572395464 0.140258665360532 0.340230769231
0.8015 0.9485
Epoch: 2, batch: 1/13, loss: 0.440176, loss1: 0.331495, loss2: 0.108681, nb1: 0.289003
Epoch: 2, batch: 11/13, loss: 0.432459, loss1: 0.333758, loss2: 0.098701, nb1: 0.279110
0.237839578032 0.17894141261338728 0.359076923077
0.8029999999999999 0.9470000000000001
Epoch: 3, batch: 1/13, loss: 0.287271, loss1: 0.224467, loss2: 0.062804, nb1: 0.266587
Epoch: 3, batch: 11/13, loss: 0.355525, loss1: 0.277597, loss2: 0.077928, nb1: 0.269046
0.280604604776 0.21564672057244985 0.376307692308
0.8044999999999999 0.9455000000000001
Epoch: 4, batch: 1/13, loss: 0.287924, loss1: 0.234615, loss2: 0.053309, nb1: 0.270905
Epoch: 4, batch: 11/13, loss: 0.324946, loss1: 0.267196, loss2: 0.057750, nb1: 0.262807
0.295573721071 0.19945859619241213 0.356076923077
0.8059999999999998 0.9440000000000002
Epoch: 5, batch: 1/13, loss: 0.290392, loss1: 0.249339, loss2: 0.041053, nb1: 0.292524
Epoch: 5, batch: 11/13, loss: 0.332200, loss1: 0.276411, loss2: 0.055789, nb1: 0.295808
0.326684099465 0.23079888253856284 0.383461538462
0.8074999999999998 0.9425000000000002
Epoch: 6, batch: 1/13, loss: 0.275089, loss1: 0.228436, loss2: 0.046653, nb1: 0.267504
Epoch: 6, batch: 11/13, loss: 0.305262, loss1: 0.243173, loss2: 0.062089, nb1: 0.294264
0.351228488181 0.2455814040251776 0.408538461538
0.8089999999999997 0.9410000000000003
Epoch: 7, batch: 1/13, loss: 0.239370, loss1: 0.202532, loss2: 0.036838, nb1: 0.270993
Epoch: 7, batch: 11/13, loss: 0.229291, loss1: 0.203435, loss2: 0.025855, nb1: 0.269240
0.370181379053 0.260125533441358 0.407538461538
0.8104999999999997 0.9395000000000003
Epoch: 8, batch: 1/13, loss: 0.205714, loss1: 0.177570, loss2: 0.028144, nb1: 0.254731
Epoch: 8, batch: 11/13, loss: 0.322568, loss1: 0.255400, loss2: 0.067168, nb1: 0.266601
0.369058872118 0.2575329465175396 0.418769230769
0.8119999999999996 0.9380000000000004
Epoch: 9, batch: 1/13, loss: 0.244814, loss1: 0.213862, loss2: 0.030952, nb1: 0.248049
Epoch: 9, batch: 11/13, loss: 0.219877, loss1: 0.179915, loss2: 0.039962, nb1: 0.268867
0.391793543585 0.27350993230776405 0.433230769231
0.8134999999999996 0.9365000000000004
Epoch: 10, batch: 1/13, loss: 0.208083, loss1: 0.185621, loss2: 0.022462, nb1: 0.257496
Epoch: 10, batch: 11/13, loss: 0.244763, loss1: 0.210341, loss2: 0.034422, nb1: 0.247489
0.402285280381 0.29359095092533355 0.465769230769
0.8149999999999995 0.9350000000000005
Epoch: 11, batch: 1/13, loss: 0.236773, loss1: 0.193266, loss2: 0.043507, nb1: 0.236665
Epoch: 11, batch: 11/13, loss: 0.205922, loss1: 0.165256, loss2: 0.040667, nb1: 0.251178
0.411174164905 0.2789853386097238 0.467923076923
0.8164999999999994 0.9335000000000006
Epoch: 12, batch: 1/13, loss: 0.191716, loss1: 0.165825, loss2: 0.025891, nb1: 0.253713
Epoch: 12, batch: 11/13, loss: 0.192157, loss1: 0.160763, loss2: 0.031394, nb1: 0.247182
0.431909558416 0.296040365208946 0.447615384615
0.8179999999999994 0.9320000000000006
Epoch: 13, batch: 1/13, loss: 0.209566, loss1: 0.187130, loss2: 0.022435, nb1: 0.251703
Epoch: 13, batch: 11/13, loss: 0.210597, loss1: 0.184145, loss2: 0.026452, nb1: 0.252233
0.439153916858 0.3067193550912404 0.448538461538
0.8194999999999993 0.9305000000000007
Epoch: 14, batch: 1/13, loss: 0.221757, loss1: 0.184297, loss2: 0.037460, nb1: 0.231517
Epoch: 14, batch: 11/13, loss: 0.287098, loss1: 0.235015, loss2: 0.052083, nb1: 0.234602
0.426111611997 0.29766460891974056 0.480923076923
0.8209999999999993 0.9290000000000007
Epoch: 15, batch: 1/13, loss: 0.182021, loss1: 0.161696, loss2: 0.020325, nb1: 0.229795
Epoch: 15, batch: 11/13, loss: 0.186058, loss1: 0.154572, loss2: 0.031486, nb1: 0.222020
0.436289178807 0.32814740791307123 0.492692307692
0.8224999999999992 0.9275000000000008
Epoch: 16, batch: 1/13, loss: 0.191081, loss1: 0.164273, loss2: 0.026808, nb1: 0.224658
Epoch: 16, batch: 11/13, loss: 0.182469, loss1: 0.158458, loss2: 0.024011, nb1: 0.236662
0.447987335875 0.3154417268619801 0.474384615385
0.8239999999999992 0.9260000000000008
Epoch: 17, batch: 1/13, loss: 0.214472, loss1: 0.176201, loss2: 0.038271, nb1: 0.223918
Epoch: 17, batch: 11/13, loss: 0.163971, loss1: 0.142016, loss2: 0.021955, nb1: 0.228207
0.466848750434 0.3272554394154128 0.475230769231
0.8254999999999991 0.9245000000000009
Epoch: 18, batch: 1/13, loss: 0.160181, loss1: 0.140328, loss2: 0.019854, nb1: 0.230276
Epoch: 18, batch: 11/13, loss: 0.223778, loss1: 0.197211, loss2: 0.026566, nb1: 0.226012
0.469908074248 0.3453067651667888 0.481153846154
0.8269999999999991 0.9230000000000009
Epoch: 19, batch: 1/13, loss: 0.183786, loss1: 0.159935, loss2: 0.023851, nb1: 0.226921
Epoch: 19, batch: 11/13, loss: 0.229712, loss1: 0.185653, loss2: 0.044059, nb1: 0.224066
0.456249938074 0.31913568249337376 0.486076923077
0.828499999999999 0.921500000000001
Epoch: 20, batch: 1/13, loss: 0.184428, loss1: 0.156768, loss2: 0.027659, nb1: 0.225408
Epoch: 20, batch: 11/13, loss: 0.189738, loss1: 0.160873, loss2: 0.028865, nb1: 0.232178
0.449451851424 0.3221020825911871 0.470461538462
0.829999999999999 0.920000000000001
Epoch: 21, batch: 1/13, loss: 0.188635, loss1: 0.168106, loss2: 0.020528, nb1: 0.230451
Epoch: 21, batch: 11/13, loss: 0.173254, loss1: 0.158054, loss2: 0.015200, nb1: 0.227236
0.456787111336 0.3301184867758913 0.474769230769
0.8314999999999989 0.9185000000000011
Epoch: 22, batch: 1/13, loss: 0.177854, loss1: 0.163201, loss2: 0.014653, nb1: 0.219612
Epoch: 22, batch: 11/13, loss: 0.215735, loss1: 0.190997, loss2: 0.024738, nb1: 0.219645
0.468318851444 0.3290404435713968 0.473538461538
0.8329999999999989 0.9170000000000011
Epoch: 23, batch: 1/13, loss: 0.205632, loss1: 0.176074, loss2: 0.029558, nb1: 0.222339
Epoch: 23, batch: 11/13, loss: 0.168274, loss1: 0.152012, loss2: 0.016262, nb1: 0.216515
0.469331218515 0.3350117521461551 0.487153846154
0.8344999999999988 0.9155000000000012
Epoch: 24, batch: 1/13, loss: 0.196118, loss1: 0.173978, loss2: 0.022140, nb1: 0.216755
Epoch: 24, batch: 11/13, loss: 0.149025, loss1: 0.136750, loss2: 0.012275, nb1: 0.223075
0.478923105503 0.34722636965958675 0.488230769231
0.8359999999999987 0.9140000000000013
Epoch: 25, batch: 1/13, loss: 0.171399, loss1: 0.153968, loss2: 0.017432, nb1: 0.217087
Epoch: 25, batch: 11/13, loss: 0.223256, loss1: 0.190215, loss2: 0.033041, nb1: 0.229009
0.453078554199 0.32141049339453354 0.471153846154
0.8374999999999987 0.9125000000000013
Epoch: 26, batch: 1/13, loss: 0.146927, loss1: 0.137718, loss2: 0.009208, nb1: 0.214084
Epoch: 26, batch: 11/13, loss: 0.282424, loss1: 0.252271, loss2: 0.030153, nb1: 0.231175
0.472362556003 0.33669357096829977 0.506461538462
0.8389999999999986 0.9110000000000014
Epoch: 27, batch: 1/13, loss: 0.181179, loss1: 0.161659, loss2: 0.019520, nb1: 0.228206
Epoch: 27, batch: 11/13, loss: 0.144329, loss1: 0.131458, loss2: 0.012871, nb1: 0.219759
0.467743283452 0.3331438194881152 0.488769230769
0.8404999999999986 0.9095000000000014
Epoch: 28, batch: 1/13, loss: 0.136761, loss1: 0.116516, loss2: 0.020245, nb1: 0.224601
Epoch: 28, batch: 11/13, loss: 0.130771, loss1: 0.125439, loss2: 0.005332, nb1: 0.214415
0.468858484484 0.33344505953556336 0.489692307692
0.8419999999999985 0.9080000000000015
Epoch: 29, batch: 1/13, loss: 0.184524, loss1: 0.158109, loss2: 0.026415, nb1: 0.210255
Epoch: 29, batch: 11/13, loss: 0.168533, loss1: 0.142857, loss2: 0.025675, nb1: 0.216191
0.474635505521 0.35351111630718274 0.497230769231
0.8434999999999985 0.9065000000000015
Epoch: 30, batch: 1/13, loss: 0.156216, loss1: 0.143352, loss2: 0.012864, nb1: 0.216643
Epoch: 30, batch: 11/13, loss: 0.157058, loss1: 0.138338, loss2: 0.018721, nb1: 0.207798
0.488574173823 0.3443784351833711 0.484076923077
0.8449999999999984 0.9050000000000016
Epoch: 31, batch: 1/13, loss: 0.172381, loss1: 0.153125, loss2: 0.019255, nb1: 0.213874
Epoch: 31, batch: 11/13, loss: 0.177992, loss1: 0.157015, loss2: 0.020978, nb1: 0.214128
0.463812220547 0.3373825299125088 0.473384615385
0.8464999999999984 0.9035000000000016
Epoch: 32, batch: 1/13, loss: 0.148795, loss1: 0.134697, loss2: 0.014098, nb1: 0.215327
Epoch: 32, batch: 11/13, loss: 0.172773, loss1: 0.144398, loss2: 0.028374, nb1: 0.220182
0.495297897282 0.34938167098488787 0.487307692308
0.8479999999999983 0.9020000000000017
Epoch: 33, batch: 1/13, loss: 0.157316, loss1: 0.143834, loss2: 0.013482, nb1: 0.215205
Epoch: 33, batch: 11/13, loss: 0.137558, loss1: 0.125922, loss2: 0.011636, nb1: 0.226848
0.488261743889 0.34143763028766605 0.483461538462
0.8494999999999983 0.9005000000000017
Epoch: 34, batch: 1/13, loss: 0.122301, loss1: 0.119841, loss2: 0.002460, nb1: 0.215986
Epoch: 34, batch: 11/13, loss: 0.158506, loss1: 0.147365, loss2: 0.011141, nb1: 0.218432
0.483537478685 0.34557409663950034 0.487230769231
0.8509999999999982 0.8990000000000018
Epoch: 35, batch: 1/13, loss: 0.159625, loss1: 0.149964, loss2: 0.009661, nb1: 0.219398
Epoch: 35, batch: 11/13, loss: 0.174276, loss1: 0.154589, loss2: 0.019687, nb1: 0.215758
0.485922383757 0.3461285186791395 0.484230769231
0.8524999999999981 0.8975000000000019
Epoch: 36, batch: 1/13, loss: 0.148107, loss1: 0.134396, loss2: 0.013712, nb1: 0.215966
Epoch: 36, batch: 11/13, loss: 0.184125, loss1: 0.163096, loss2: 0.021029, nb1: 0.212190
0.482635020642 0.35090728278703354 0.489076923077
0.8539999999999981 0.8960000000000019
Epoch: 37, batch: 1/13, loss: 0.157963, loss1: 0.144499, loss2: 0.013464, nb1: 0.211576
Epoch: 37, batch: 11/13, loss: 0.152993, loss1: 0.134540, loss2: 0.018453, nb1: 0.211372
0.476451836351 0.3637964464664654 0.486076923077
0.855499999999998 0.894500000000002
Epoch: 38, batch: 1/13, loss: 0.142410, loss1: 0.122379, loss2: 0.020030, nb1: 0.206820
Epoch: 38, batch: 11/13, loss: 0.127903, loss1: 0.110793, loss2: 0.017110, nb1: 0.212780
0.489677226122 0.34702152415856696 0.484846153846
0.856999999999998 0.893000000000002
Epoch: 39, batch: 1/13, loss: 0.174934, loss1: 0.162273, loss2: 0.012661, nb1: 0.206086
Epoch: 39, batch: 11/13, loss: 0.164061, loss1: 0.152578, loss2: 0.011483, nb1: 0.214896
0.488703952864 0.3506861843876333 0.483076923077
0.8584999999999979 0.8915000000000021
Epoch: 40, batch: 1/13, loss: 0.180383, loss1: 0.159029, loss2: 0.021353, nb1: 0.216673
Epoch: 40, batch: 11/13, loss: 0.129219, loss1: 0.109707, loss2: 0.019512, nb1: 0.210328
0.496065303161 0.351633184044731 0.487230769231
0.8599999999999979 0.8900000000000021
Epoch: 41, batch: 1/13, loss: 0.152409, loss1: 0.135315, loss2: 0.017095, nb1: 0.207113
Epoch: 41, batch: 11/13, loss: 0.131232, loss1: 0.127754, loss2: 0.003477, nb1: 0.209983
0.487204053192 0.3464507568894557 0.478461538462
0.8614999999999978 0.8885000000000022
Epoch: 42, batch: 1/13, loss: 0.161440, loss1: 0.151850, loss2: 0.009590, nb1: 0.210904
Epoch: 42, batch: 11/13, loss: 0.151968, loss1: 0.132488, loss2: 0.019480, nb1: 0.204372
0.498432734153 0.3518014529423698 0.490076923077
0.8629999999999978 0.8870000000000022
Epoch: 43, batch: 1/13, loss: 0.172575, loss1: 0.148527, loss2: 0.024049, nb1: 0.205341
Epoch: 43, batch: 11/13, loss: 0.202515, loss1: 0.166789, loss2: 0.035726, nb1: 0.201633
0.493419520409 0.35219600888918656 0.486538461538
0.8644999999999977 0.8855000000000023
Epoch: 44, batch: 1/13, loss: 0.166342, loss1: 0.152652, loss2: 0.013689, nb1: 0.205673
Epoch: 44, batch: 11/13, loss: 0.120780, loss1: 0.115734, loss2: 0.005045, nb1: 0.209630
0.500785253417 0.35681728727530526 0.490538461538
0.8659999999999977 0.8840000000000023
Epoch: 45, batch: 1/13, loss: 0.152558, loss1: 0.141019, loss2: 0.011539, nb1: 0.203606
